This is pdfTeX, Version 3.141592653-2.6-1.40.23 (TeX Live 2021/W32TeX) (preloaded format=pdflatex 2021.11.13)  17 NOV 2021 22:14
entering extended mode
 restricted \write18 enabled.
 %&-line parsing enabled.
**conclusion.tex
(./conclusion.tex
LaTeX2e <2021-06-01> patch level 1
L3 programming layer <2021-10-18>
! Undefined control sequence.
l.1 \chapter
            *{–í–∏—Å–Ω–æ–≤–∫–∏}
The control sequence at the end of the top line
of your error message was never \def'ed. If you have
misspelled it (e.g., `\hobx'), type `I' and the correct
spelling (e.g., `I\hbox'). Otherwise just continue,
and I'll forget about whatever was undefined.


! LaTeX Error: Missing \begin{document}.

See the LaTeX manual or LaTeX Companion for explanation.
Type  H <return>  for immediate help.
 ...                                              
                                                  
l.1 \chapter*
             {–í–∏—Å–Ω–æ–≤–∫–∏}
You're in trouble here.  Try typing  <return>  to proceed.
If that doesn't work, type  X <return>  to quit.

Missing character: There is no * in font nullfont!

! Package inputenc Error: Unicode character –í (U+0412)
(inputenc)                not set up for use with LaTeX.

See the inputenc package documentation for explanation.
Type  H <return>  for immediate help.
 ...                                              
                                                  
l.1 \chapter*{–í
                –∏—Å–Ω–æ–≤–∫–∏}
You may provide a definition with
\DeclareUnicodeCharacter 


! Package inputenc Error: Unicode character –∏ (U+0438)
(inputenc)                not set up for use with LaTeX.

See the inputenc package documentation for explanation.
Type  H <return>  for immediate help.
 ...                                              
                                                  
l.1 \chapter*{–í–∏
                  —Å–Ω–æ–≤–∫–∏}
You may provide a definition with
\DeclareUnicodeCharacter 


! Package inputenc Error: Unicode character —Å (U+0441)
(inputenc)                not set up for use with LaTeX.

See the inputenc package documentation for explanation.
Type  H <return>  for immediate help.
 ...                                              
                                                  
l.1 \chapter*{–í–∏—Å
                    –Ω–æ–≤–∫–∏}
You may provide a definition with
\DeclareUnicodeCharacter 


! Package inputenc Error: Unicode character –Ω (U+043D)
(inputenc)                not set up for use with LaTeX.

See the inputenc package documentation for explanation.
Type  H <return>  for immediate help.
 ...                                              
                                                  
l.1 \chapter*{–í–∏—Å–Ω
                      –æ–≤–∫–∏}
You may provide a definition with
\DeclareUnicodeCharacter 


! Package inputenc Error: Unicode character –æ (U+043E)
(inputenc)                not set up for use with LaTeX.

See the inputenc package documentation for explanation.
Type  H <return>  for immediate help.
 ...                                              
                                                  
l.1 \chapter*{–í–∏—Å–Ω–æ
                        –≤–∫–∏}
You may provide a definition with
\DeclareUnicodeCharacter 


! Package inputenc Error: Unicode character –≤ (U+0432)
(inputenc)                not set up for use with LaTeX.

See the inputenc package documentation for explanation.
Type  H <return>  for immediate help.
 ...                                              
                                                  
l.1 \chapter*{–í–∏—Å–Ω–æ–≤
                          –∫–∏}
You may provide a definition with
\DeclareUnicodeCharacter 


! Package inputenc Error: Unicode character –∫ (U+043A)
(inputenc)                not set up for use with LaTeX.

See the inputenc package documentation for explanation.
Type  H <return>  for immediate help.
 ...                                              
                                                  
l.1 \chapter*{–í–∏—Å–Ω–æ–≤–∫
                            –∏}
You may provide a definition with
\DeclareUnicodeCharacter 


! Package inputenc Error: Unicode character –∏ (U+0438)
(inputenc)                not set up for use with LaTeX.

See the inputenc package documentation for explanation.
Type  H <return>  for immediate help.
 ...                                              
                                                  
l.1 \chapter*{–í–∏—Å–Ω–æ–≤–∫–∏
                              }
You may provide a definition with
\DeclareUnicodeCharacter 


Overfull \hbox (20.0pt too wide) in paragraph at lines 1--3
[]
 []

! Not loaded.
\selectlanguage ...ing it}\errmessage {Not loaded}
                                                  
l.4 \selectlanguage
                   {ukrainian}
Selecting a language requires a package supporting it


! LaTeX Error: Missing \begin{document}.

See the LaTeX manual or LaTeX Companion for explanation.
Type  H <return>  for immediate help.
 ...                                              
                                                  
l.4 \selectlanguage{u
                     krainian}
You're in trouble here.  Try typing  <return>  to proceed.
If that doesn't work, type  X <return>  to quit.

Missing character: There is no u in font nullfont!
Missing character: There is no k in font nullfont!
Missing character: There is no r in font nullfont!
Missing character: There is no a in font nullfont!
Missing character: There is no i in font nullfont!
Missing character: There is no n in font nullfont!
Missing character: There is no i in font nullfont!
Missing character: There is no a in font nullfont!
Missing character: There is no n in font nullfont!

Overfull \hbox (20.0pt too wide) in paragraph at lines 4--5
[] 
 []


! Package inputenc Error: Unicode character –† (U+0420)
(inputenc)                not set up for use with LaTeX.

See the inputenc package documentation for explanation.
Type  H <return>  for immediate help.
 ...                                              
                                                  
l.6 –†
      –æ–∑–¥—ñ–ª <<–í–ò–°–ù–û–í–ö–ò>>, —è–∫ –ø—Ä–∞–≤–∏–ª–æ, –ø–æ–≤–∏–Ω–µ–Ω –...

You may provide a definition with
\DeclareUnicodeCharacter 


! Package inputenc Error: Unicode character –æ (U+043E)
(inputenc)                not set up for use with LaTeX.

See the inputenc package documentation for explanation.
Type  H <return>  for immediate help.
 ...                                              
                                                  
l.6 –†–æ
        –∑–¥—ñ–ª <<–í–ò–°–ù–û–í–ö–ò>>, —è–∫ –ø—Ä–∞–≤–∏–ª–æ, –ø–æ–≤–∏–Ω–µ–Ω –...

You may provide a definition with
\DeclareUnicodeCharacter 


! Package inputenc Error: Unicode character –∑ (U+0437)
(inputenc)                not set up for use with LaTeX.

See the inputenc package documentation for explanation.
Type  H <return>  for immediate help.
 ...                                              
                                                  
l.6 –†–æ–∑
          –¥—ñ–ª <<–í–ò–°–ù–û–í–ö–ò>>, —è–∫ –ø—Ä–∞–≤–∏–ª–æ, –ø–æ–≤–∏–Ω–µ–Ω –...

You may provide a definition with
\DeclareUnicodeCharacter 


! Package inputenc Error: Unicode character –¥ (U+0434)
(inputenc)                not set up for use with LaTeX.

See the inputenc package documentation for explanation.
Type  H <return>  for immediate help.
 ...                                              
                                                  
l.6 –†–æ–∑–¥
            —ñ–ª <<–í–ò–°–ù–û–í–ö–ò>>, —è–∫ –ø—Ä–∞–≤–∏–ª–æ, –ø–æ–≤–∏–Ω–µ–Ω –...

You may provide a definition with
\DeclareUnicodeCharacter 


! Package inputenc Error: Unicode character —ñ (U+0456)
(inputenc)                not set up for use with LaTeX.

See the inputenc package documentation for explanation.
Type  H <return>  for immediate help.
 ...                                              
                                                  
l.6 –†–æ–∑–¥—ñ
              –ª <<–í–ò–°–ù–û–í–ö–ò>>, —è–∫ –ø—Ä–∞–≤–∏–ª–æ, –ø–æ–≤–∏–Ω–µ–Ω –...

You may provide a definition with
\DeclareUnicodeCharacter 


! Package inputenc Error: Unicode character –ª (U+043B)
(inputenc)                not set up for use with LaTeX.

See the inputenc package documentation for explanation.
Type  H <return>  for immediate help.
 ...                                              
                                                  
l.6 –†–æ–∑–¥—ñ–ª
                 <<–í–ò–°–ù–û–í–ö–ò>>, —è–∫ –ø—Ä–∞–≤–∏–ª–æ, –ø–æ–≤–∏–Ω–µ–Ω –...

You may provide a definition with
\DeclareUnicodeCharacter 


! LaTeX Error: Missing \begin{document}.

See the LaTeX manual or LaTeX Companion for explanation.
Type  H <return>  for immediate help.
 ...                                              
                                                  
l.6 –†–æ–∑–¥—ñ–ª <
                  <–í–ò–°–ù–û–í–ö–ò>>, —è–∫ –ø—Ä–∞–≤–∏–ª–æ, –ø–æ–≤–∏–Ω–µ–Ω –...

You're in trouble here.  Try typing  <return>  to proceed.
If that doesn't work, type  X <return>  to quit.

Missing character: There is no < in font nullfont!
Missing character: There is no < in font nullfont!

! Package inputenc Error: Unicode character –í (U+0412)
(inputenc)                not set up for use with LaTeX.

See the inputenc package documentation for explanation.
Type  H <return>  for immediate help.
 ...                                              
                                                  
l.6 –†–æ–∑–¥—ñ–ª <<–í
                     –ò–°–ù–û–í–ö–ò>>, —è–∫ –ø—Ä–∞–≤–∏–ª–æ, –ø–æ–≤–∏–Ω–µ–Ω –...

You may provide a definition with
\DeclareUnicodeCharacter 


! Package inputenc Error: Unicode character –ò (U+0418)
(inputenc)                not set up for use with LaTeX.

See the inputenc package documentation for explanation.
Type  H <return>  for immediate help.
 ...                                              
                                                  
l.6 –†–æ–∑–¥—ñ–ª <<–í–ò
                       –°–ù–û–í–ö–ò>>, —è–∫ –ø—Ä–∞–≤–∏–ª–æ, –ø–æ–≤–∏–Ω–µ–Ω –...

You may provide a definition with
\DeclareUnicodeCharacter 


! Package inputenc Error: Unicode character –° (U+0421)
(inputenc)                not set up for use with LaTeX.

See the inputenc package documentation for explanation.
Type  H <return>  for immediate help.
 ...                                              
                                                  
l.6 –†–æ–∑–¥—ñ–ª <<–í–ò–°
                         –ù–û–í–ö–ò>>, —è–∫ –ø—Ä–∞–≤–∏–ª–æ, –ø–æ–≤–∏–Ω–µ–Ω –...

You may provide a definition with
\DeclareUnicodeCharacter 


! Package inputenc Error: Unicode character –ù (U+041D)
(inputenc)                not set up for use with LaTeX.

See the inputenc package documentation for explanation.
Type  H <return>  for immediate help.
 ...                                              
                                                  
l.6 –†–æ–∑–¥—ñ–ª <<–í–ò–°–ù
                           –û–í–ö–ò>>, —è–∫ –ø—Ä–∞–≤–∏–ª–æ, –ø–æ–≤–∏–Ω–µ–Ω –...

You may provide a definition with
\DeclareUnicodeCharacter 


! Package inputenc Error: Unicode character –û (U+041E)
(inputenc)                not set up for use with LaTeX.

See the inputenc package documentation for explanation.
Type  H <return>  for immediate help.
 ...                                              
                                                  
l.6 –†–æ–∑–¥—ñ–ª <<–í–ò–°–ù–û
                             –í–ö–ò>>, —è–∫ –ø—Ä–∞–≤–∏–ª–æ, –ø–æ–≤–∏–Ω–µ–Ω –...

You may provide a definition with
\DeclareUnicodeCharacter 


! Package inputenc Error: Unicode character –í (U+0412)
(inputenc)                not set up for use with LaTeX.

See the inputenc package documentation for explanation.
Type  H <return>  for immediate help.
 ...                                              
                                                  
l.6 –†–æ–∑–¥—ñ–ª <<–í–ò–°–ù–û–í
                               –ö–ò>>, —è–∫ –ø—Ä–∞–≤–∏–ª–æ, –ø–æ–≤–∏–Ω–µ–Ω –...

You may provide a definition with
\DeclareUnicodeCharacter 


! Package inputenc Error: Unicode character –ö (U+041A)
(inputenc)                not set up for use with LaTeX.

See the inputenc package documentation for explanation.
Type  H <return>  for immediate help.
 ...                                              
                                                  
l.6 –†–æ–∑–¥—ñ–ª <<–í–ò–°–ù–û–í–ö
                                 –ò>>, —è–∫ –ø—Ä–∞–≤–∏–ª–æ, –ø–æ–≤–∏–Ω–µ–Ω –...

You may provide a definition with
\DeclareUnicodeCharacter 


! Package inputenc Error: Unicode character –ò (U+0418)
(inputenc)                not set up for use with LaTeX.

See the inputenc package documentation for explanation.
Type  H <return>  for immediate help.
 ...                                              
                                                  
l.6 –†–æ–∑–¥—ñ–ª <<–í–ò–°–ù–û–í–ö–ò
                                   >>, —è–∫ –ø—Ä–∞–≤–∏–ª–æ, –ø–æ–≤–∏–Ω–µ–Ω –...

You may provide a definition with
\DeclareUnicodeCharacter 

Missing character: There is no > in font nullfont!
Missing character: There is no > in font nullfont!
Missing character: There is no , in font nullfont!

! Package inputenc Error: Unicode character —è (U+044F)
(inputenc)                not set up for use with LaTeX.

See the inputenc package documentation for explanation.
Type  H <return>  for immediate help.
 ...                                              
                                                  
l.6 –†–æ–∑–¥—ñ–ª <<–í–ò–°–ù–û–í–ö–ò>>, —è
                                         –∫ –ø—Ä–∞–≤–∏–ª–æ, –ø–æ–≤–∏–Ω–µ–Ω –...

You may provide a definition with
\DeclareUnicodeCharacter 


! Package inputenc Error: Unicode character –∫ (U+043A)
(inputenc)                not set up for use with LaTeX.

See the inputenc package documentation for explanation.
Type  H <return>  for immediate help.
 ...                                              
                                                  
l.6 –†–æ–∑–¥—ñ–ª <<–í–ò–°–ù–û–í–ö–ò>>, —è–∫
                                            –ø—Ä–∞–≤–∏–ª–æ, –ø–æ–≤–∏–Ω–µ–Ω –...

You may provide a definition with
\DeclareUnicodeCharacter 


! Package inputenc Error: Unicode character –ø (U+043F)
(inputenc)                not set up for use with LaTeX.

See the inputenc package documentation for explanation.
Type  H <return>  for immediate help.
 ...                                              
                                                  
l.6 –†–æ–∑–¥—ñ–ª <<–í–ò–°–ù–û–í–ö–ò>>, —è–∫ –ø
                                              —Ä–∞–≤–∏–ª–æ, –ø–æ–≤–∏–Ω–µ–Ω –...

You may provide a definition with
\DeclareUnicodeCharacter 


! Package inputenc Error: Unicode character —Ä (U+0440)
(inputenc)                not set up for use with LaTeX.

See the inputenc package documentation for explanation.
Type  H <return>  for immediate help.
 ...                                              
                                                  
l.6 –†–æ–∑–¥—ñ–ª <<–í–ò–°–ù–û–í–ö–ò>>, —è–∫ –ø—Ä
                                                –∞–≤–∏–ª–æ, –ø–æ–≤–∏–Ω–µ–Ω –...

You may provide a definition with
\DeclareUnicodeCharacter 


! Package inputenc Error: Unicode character –∞ (U+0430)
(inputenc)                not set up for use with LaTeX.

See the inputenc package documentation for explanation.
Type  H <return>  for immediate help.
 ...                                              
                                                  
l.6 –†–æ–∑–¥—ñ–ª <<–í–ò–°–ù–û–í–ö–ò>>, —è–∫ –ø—Ä–∞
                                                  –≤–∏–ª–æ, –ø–æ–≤–∏–Ω–µ–Ω –...

You may provide a definition with
\DeclareUnicodeCharacter 


! Package inputenc Error: Unicode character –≤ (U+0432)
(inputenc)                not set up for use with LaTeX.

See the inputenc package documentation for explanation.
Type  H <return>  for immediate help.
 ...                                              
                                                  
l.6 ...∑–¥—ñ–ª <<–í–ò–°–ù–û–í–ö–ò>>, —è–∫ –ø—Ä–∞–≤
                                                  –∏–ª–æ, –ø–æ–≤–∏–Ω–µ–Ω –º—...

You may provide a definition with
\DeclareUnicodeCharacter 


! Package inputenc Error: Unicode character –∏ (U+0438)
(inputenc)                not set up for use with LaTeX.

See the inputenc package documentation for explanation.
Type  H <return>  for immediate help.
 ...                                              
                                                  
l.6 ...¥—ñ–ª <<–í–ò–°–ù–û–í–ö–ò>>, —è–∫ –ø—Ä–∞–≤–∏
                                                  –ª–æ, –ø–æ–≤–∏–Ω–µ–Ω –º—ñ—...

You may provide a definition with
\DeclareUnicodeCharacter 


! Package inputenc Error: Unicode character –ª (U+043B)
(inputenc)                not set up for use with LaTeX.

See the inputenc package documentation for explanation.
Type  H <return>  for immediate help.
 ...                                              
                                                  
l.6 ...ñ–ª <<–í–ò–°–ù–û–í–ö–ò>>, —è–∫ –ø—Ä–∞–≤–∏–ª
                                                  –æ, –ø–æ–≤–∏–Ω–µ–Ω –º—ñ—Å—...

You may provide a definition with
\DeclareUnicodeCharacter 


! Package inputenc Error: Unicode character –æ (U+043E)
(inputenc)                not set up for use with LaTeX.

See the inputenc package documentation for explanation.
Type  H <return>  for immediate help.
 ...                                              
                                                  
l.6 ...ª <<–í–ò–°–ù–û–í–ö–ò>>, —è–∫ –ø—Ä–∞–≤–∏–ª–æ
                                                  , –ø–æ–≤–∏–Ω–µ–Ω –º—ñ—Å—Ç–...

You may provide a definition with
\DeclareUnicodeCharacter 

Missing character: There is no , in font nullfont!

! Package inputenc Error: Unicode character –ø (U+043F)
(inputenc)                not set up for use with LaTeX.

See the inputenc package documentation for explanation.
Type  H <return>  for immediate help.
 ...                                              
                                                  
l.6 ...–í–ò–°–ù–û–í–ö–ò>>, —è–∫ –ø—Ä–∞–≤–∏–ª–æ, –ø
                                                  –æ–≤–∏–Ω–µ–Ω –º—ñ—Å—Ç–∏—Ç–...

You may provide a definition with
\DeclareUnicodeCharacter 


! Package inputenc Error: Unicode character –æ (U+043E)
(inputenc)                not set up for use with LaTeX.

See the inputenc package documentation for explanation.
Type  H <return>  for immediate help.
 ...                                              
                                                  
l.6 ...–ò–°–ù–û–í–ö–ò>>, —è–∫ –ø—Ä–∞–≤–∏–ª–æ, –ø–æ
                                                  –≤–∏–Ω–µ–Ω –º—ñ—Å—Ç–∏—Ç–∏ ...

You may provide a definition with
\DeclareUnicodeCharacter 


! Package inputenc Error: Unicode character –≤ (U+0432)
(inputenc)                not set up for use with LaTeX.

See the inputenc package documentation for explanation.
Type  H <return>  for immediate help.
 ...                                              
                                                  
l.6 ...–°–ù–û–í–ö–ò>>, —è–∫ –ø—Ä–∞–≤–∏–ª–æ, –ø–æ–≤
                                                  –∏–Ω–µ–Ω –º—ñ—Å—Ç–∏—Ç–∏ –∫...

You may provide a definition with
\DeclareUnicodeCharacter 


! Package inputenc Error: Unicode character –∏ (U+0438)
(inputenc)                not set up for use with LaTeX.

See the inputenc package documentation for explanation.
Type  H <return>  for immediate help.
 ...                                              
                                                  
l.6 ...–ù–û–í–ö–ò>>, —è–∫ –ø—Ä–∞–≤–∏–ª–æ, –ø–æ–≤–∏
                                                  –Ω–µ–Ω –º—ñ—Å—Ç–∏—Ç–∏ –∫–æ...

You may provide a definition with
\DeclareUnicodeCharacter 


! Package inputenc Error: Unicode character –Ω (U+043D)
(inputenc)                not set up for use with LaTeX.

See the inputenc package documentation for explanation.
Type  H <return>  for immediate help.
 ...                                              
                                                  
l.6 ...–û–í–ö–ò>>, —è–∫ –ø—Ä–∞–≤–∏–ª–æ, –ø–æ–≤–∏–Ω
                                                  –µ–Ω –º—ñ—Å—Ç–∏—Ç–∏ –∫–æ—Ä...

You may provide a definition with
\DeclareUnicodeCharacter 


! Package inputenc Error: Unicode character –µ (U+0435)
(inputenc)                not set up for use with LaTeX.

See the inputenc package documentation for explanation.
Type  H <return>  for immediate help.
 ...                                              
                                                  
l.6 ...–í–ö–ò>>, —è–∫ –ø—Ä–∞–≤–∏–ª–æ, –ø–æ–≤–∏–Ω–µ
                                                  –Ω –º—ñ—Å—Ç–∏—Ç–∏ –∫–æ—Ä–æ...

You may provide a definition with
\DeclareUnicodeCharacter 


! Package inputenc Error: Unicode character –Ω (U+043D)
(inputenc)                not set up for use with LaTeX.

See the inputenc package documentation for explanation.
Type  H <return>  for immediate help.
 ...                                              
                                                  
l.6 ...–ö–ò>>, —è–∫ –ø—Ä–∞–≤–∏–ª–æ, –ø–æ–≤–∏–Ω–µ–Ω
                                                   –º—ñ—Å—Ç–∏—Ç–∏ –∫–æ—Ä–æ—Ç...

You may provide a definition with
\DeclareUnicodeCharacter 


! Package inputenc Error: Unicode character –º (U+043C)
(inputenc)                not set up for use with LaTeX.

See the inputenc package documentation for explanation.
Type  H <return>  for immediate help.
 ...                                              
                                                  
l.6 ...ò>>, —è–∫ –ø—Ä–∞–≤–∏–ª–æ, –ø–æ–≤–∏–Ω–µ–Ω –º
                                                  —ñ—Å—Ç–∏—Ç–∏ –∫–æ—Ä–æ—Ç–∫–...

You may provide a definition with
\DeclareUnicodeCharacter 


! Package inputenc Error: Unicode character —ñ (U+0456)
(inputenc)                not set up for use with LaTeX.

See the inputenc package documentation for explanation.
Type  H <return>  for immediate help.
 ...                                              
                                                  
l.6 ...>, —è–∫ –ø—Ä–∞–≤–∏–ª–æ, –ø–æ–≤–∏–Ω–µ–Ω –º—ñ
                                                  —Å—Ç–∏—Ç–∏ –∫–æ—Ä–æ—Ç–∫–∏–...

You may provide a definition with
\DeclareUnicodeCharacter 


! Package inputenc Error: Unicode character —Å (U+0441)
(inputenc)                not set up for use with LaTeX.

See the inputenc package documentation for explanation.
Type  H <return>  for immediate help.
 ...                                              
                                                  
l.6 ... —è–∫ –ø—Ä–∞–≤–∏–ª–æ, –ø–æ–≤–∏–Ω–µ–Ω –º—ñ—Å
                                                  —Ç–∏—Ç–∏ –∫–æ—Ä–æ—Ç–∫–∏–π ...

You may provide a definition with
\DeclareUnicodeCharacter 


! Package inputenc Error: Unicode character —Ç (U+0442)
(inputenc)                not set up for use with LaTeX.

See the inputenc package documentation for explanation.
Type  H <return>  for immediate help.
 ...                                              
                                                  
l.6 ...è–∫ –ø—Ä–∞–≤–∏–ª–æ, –ø–æ–≤–∏–Ω–µ–Ω –º—ñ—Å—Ç
                                                  –∏—Ç–∏ –∫–æ—Ä–æ—Ç–∫–∏–π –≤...

You may provide a definition with
\DeclareUnicodeCharacter 


! Package inputenc Error: Unicode character –∏ (U+0438)
(inputenc)                not set up for use with LaTeX.

See the inputenc package documentation for explanation.
Type  H <return>  for immediate help.
 ...                                              
                                                  
l.6 ...∫ –ø—Ä–∞–≤–∏–ª–æ, –ø–æ–≤–∏–Ω–µ–Ω –º—ñ—Å—Ç–∏
                                                  —Ç–∏ –∫–æ—Ä–æ—Ç–∫–∏–π –≤–∏...

You may provide a definition with
\DeclareUnicodeCharacter 


! Package inputenc Error: Unicode character —Ç (U+0442)
(inputenc)                not set up for use with LaTeX.

See the inputenc package documentation for explanation.
Type  H <return>  for immediate help.
 ...                                              
                                                  
l.6 ...–ø—Ä–∞–≤–∏–ª–æ, –ø–æ–≤–∏–Ω–µ–Ω –º—ñ—Å—Ç–∏—Ç
                                                  –∏ –∫–æ—Ä–æ—Ç–∫–∏–π –≤–∏–∫...

You may provide a definition with
\DeclareUnicodeCharacter 


! Package inputenc Error: Unicode character –∏ (U+0438)
(inputenc)                not set up for use with LaTeX.

See the inputenc package documentation for explanation.
Type  H <return>  for immediate help.
 ...                                              
                                                  
l.6 ...—Ä–∞–≤–∏–ª–æ, –ø–æ–≤–∏–Ω–µ–Ω –º—ñ—Å—Ç–∏—Ç–∏
                                                   –∫–æ—Ä–æ—Ç–∫–∏–π –≤–∏–∫–ª...

You may provide a definition with
\DeclareUnicodeCharacter 


! Package inputenc Error: Unicode character –∫ (U+043A)
(inputenc)                not set up for use with LaTeX.

See the inputenc package documentation for explanation.
Type  H <return>  for immediate help.
 ...                                              
                                                  
l.6 ...∞–≤–∏–ª–æ, –ø–æ–≤–∏–Ω–µ–Ω –º—ñ—Å—Ç–∏—Ç–∏ –∫
                                                  –æ—Ä–æ—Ç–∫–∏–π –≤–∏–∫–ª–∞–...

You may provide a definition with
\DeclareUnicodeCharacter 


! Package inputenc Error: Unicode character –æ (U+043E)
(inputenc)                not set up for use with LaTeX.

See the inputenc package documentation for explanation.
Type  H <return>  for immediate help.
 ...                                              
                                                  
l.6 ...≤–∏–ª–æ, –ø–æ–≤–∏–Ω–µ–Ω –º—ñ—Å—Ç–∏—Ç–∏ –∫–æ
                                                  —Ä–æ—Ç–∫–∏–π –≤–∏–∫–ª–∞–¥ ...

You may provide a definition with
\DeclareUnicodeCharacter 


! Package inputenc Error: Unicode character —Ä (U+0440)
(inputenc)                not set up for use with LaTeX.

See the inputenc package documentation for explanation.
Type  H <return>  for immediate help.
 ...                                              
                                                  
l.6 ...∏–ª–æ, –ø–æ–≤–∏–Ω–µ–Ω –º—ñ—Å—Ç–∏—Ç–∏ –∫–æ—Ä
                                                  –æ—Ç–∫–∏–π –≤–∏–∫–ª–∞–¥ —Å...

You may provide a definition with
\DeclareUnicodeCharacter 


! Package inputenc Error: Unicode character –æ (U+043E)
(inputenc)                not set up for use with LaTeX.

See the inputenc package documentation for explanation.
Type  H <return>  for immediate help.
 ...                                              
                                                  
l.6 ...ª–æ, –ø–æ–≤–∏–Ω–µ–Ω –º—ñ—Å—Ç–∏—Ç–∏ –∫–æ—Ä–æ
                                                  —Ç–∫–∏–π –≤–∏–∫–ª–∞–¥ —Å—É...

You may provide a definition with
\DeclareUnicodeCharacter 


! Package inputenc Error: Unicode character —Ç (U+0442)
(inputenc)                not set up for use with LaTeX.

See the inputenc package documentation for explanation.
Type  H <return>  for immediate help.
 ...                                              
                                                  
l.6 ...æ, –ø–æ–≤–∏–Ω–µ–Ω –º—ñ—Å—Ç–∏—Ç–∏ –∫–æ—Ä–æ—Ç
                                                  –∫–∏–π –≤–∏–∫–ª–∞–¥ —Å—É—Ç...

You may provide a definition with
\DeclareUnicodeCharacter 


! Package inputenc Error: Unicode character –∫ (U+043A)
(inputenc)                not set up for use with LaTeX.

See the inputenc package documentation for explanation.
Type  H <return>  for immediate help.
 ...                                              
                                                  
l.6 ... –ø–æ–≤–∏–Ω–µ–Ω –º—ñ—Å—Ç–∏—Ç–∏ –∫–æ—Ä–æ—Ç–∫
                                                  –∏–π –≤–∏–∫–ª–∞–¥ —Å—É—Ç–Ω...

You may provide a definition with
\DeclareUnicodeCharacter 


! Package inputenc Error: Unicode character –∏ (U+0438)
(inputenc)                not set up for use with LaTeX.

See the inputenc package documentation for explanation.
Type  H <return>  for immediate help.
 ...                                              
                                                  
l.6 ...ø–æ–≤–∏–Ω–µ–Ω –º—ñ—Å—Ç–∏—Ç–∏ –∫–æ—Ä–æ—Ç–∫–∏
                                                  –π –≤–∏–∫–ª–∞–¥ —Å—É—Ç–Ω–æ...

You may provide a definition with
\DeclareUnicodeCharacter 


! Package inputenc Error: Unicode character –π (U+0439)
(inputenc)                not set up for use with LaTeX.

See the inputenc package documentation for explanation.
Type  H <return>  for immediate help.
 ...                                              
                                                  
l.6 ...æ–≤–∏–Ω–µ–Ω –º—ñ—Å—Ç–∏—Ç–∏ –∫–æ—Ä–æ—Ç–∫–∏–π
                                                   –≤–∏–∫–ª–∞–¥ —Å—É—Ç–Ω–æ—Å...

You may provide a definition with
\DeclareUnicodeCharacter 


! Package inputenc Error: Unicode character –≤ (U+0432)
(inputenc)                not set up for use with LaTeX.

See the inputenc package documentation for explanation.
Type  H <return>  for immediate help.
 ...                                              
                                                  
l.6 ...–∏–Ω–µ–Ω –º—ñ—Å—Ç–∏—Ç–∏ –∫–æ—Ä–æ—Ç–∫–∏–π –≤
                                                  –∏–∫–ª–∞–¥ —Å—É—Ç–Ω–æ—Å—Ç—...

You may provide a definition with
\DeclareUnicodeCharacter 


! Package inputenc Error: Unicode character –∏ (U+0438)
(inputenc)                not set up for use with LaTeX.

See the inputenc package documentation for explanation.
Type  H <return>  for immediate help.
 ...                                              
                                                  
l.6 ...–Ω–µ–Ω –º—ñ—Å—Ç–∏—Ç–∏ –∫–æ—Ä–æ—Ç–∫–∏–π –≤–∏
                                                  –∫–ª–∞–¥ —Å—É—Ç–Ω–æ—Å—Ç—ñ ...

You may provide a definition with
\DeclareUnicodeCharacter 


! Package inputenc Error: Unicode character –∫ (U+043A)
(inputenc)                not set up for use with LaTeX.

See the inputenc package documentation for explanation.
Type  H <return>  for immediate help.
 ...                                              
                                                  
l.6 ...–µ–Ω –º—ñ—Å—Ç–∏—Ç–∏ –∫–æ—Ä–æ—Ç–∫–∏–π –≤–∏–∫
                                                  –ª–∞–¥ —Å—É—Ç–Ω–æ—Å—Ç—ñ —Ä...

You may provide a definition with
\DeclareUnicodeCharacter 


! Package inputenc Error: Unicode character –ª (U+043B)
(inputenc)                not set up for use with LaTeX.

See the inputenc package documentation for explanation.
Type  H <return>  for immediate help.
 ...                                              
                                                  
l.6 ...–Ω –º—ñ—Å—Ç–∏—Ç–∏ –∫–æ—Ä–æ—Ç–∫–∏–π –≤–∏–∫–ª
                                                  –∞–¥ —Å—É—Ç–Ω–æ—Å—Ç—ñ —Ä–µ...

You may provide a definition with
\DeclareUnicodeCharacter 


! Package inputenc Error: Unicode character –∞ (U+0430)
(inputenc)                not set up for use with LaTeX.

See the inputenc package documentation for explanation.
Type  H <return>  for immediate help.
 ...                                              
                                                  
l.6 ... –º—ñ—Å—Ç–∏—Ç–∏ –∫–æ—Ä–æ—Ç–∫–∏–π –≤–∏–∫–ª–∞
                                                  –¥ —Å—É—Ç–Ω–æ—Å—Ç—ñ —Ä–µ–∑...

You may provide a definition with
\DeclareUnicodeCharacter 


! Package inputenc Error: Unicode character –¥ (U+0434)
(inputenc)                not set up for use with LaTeX.

See the inputenc package documentation for explanation.
Type  H <return>  for immediate help.
 ...                                              
                                                  
l.6 ...º—ñ—Å—Ç–∏—Ç–∏ –∫–æ—Ä–æ—Ç–∫–∏–π –≤–∏–∫–ª–∞–¥
                                                   —Å—É—Ç–Ω–æ—Å—Ç—ñ —Ä–µ–∑—É...

You may provide a definition with
\DeclareUnicodeCharacter 


! Package inputenc Error: Unicode character —Å (U+0441)
(inputenc)                not set up for use with LaTeX.

See the inputenc package documentation for explanation.
Type  H <return>  for immediate help.
 ...                                              
                                                  
l.6 ...—Å—Ç–∏—Ç–∏ –∫–æ—Ä–æ—Ç–∫–∏–π –≤–∏–∫–ª–∞–¥ —Å
                                                  —É—Ç–Ω–æ—Å—Ç—ñ —Ä–µ–∑—É–ª—...

You may provide a definition with
\DeclareUnicodeCharacter 


! Package inputenc Error: Unicode character —É (U+0443)
(inputenc)                not set up for use with LaTeX.

See the inputenc package documentation for explanation.
Type  H <return>  for immediate help.
 ...                                              
                                                  
l.6 ...—Ç–∏—Ç–∏ –∫–æ—Ä–æ—Ç–∫–∏–π –≤–∏–∫–ª–∞–¥ —Å—É
                                                  —Ç–Ω–æ—Å—Ç—ñ —Ä–µ–∑—É–ª—å—...

You may provide a definition with
\DeclareUnicodeCharacter 


! Package inputenc Error: Unicode character —Ç (U+0442)
(inputenc)                not set up for use with LaTeX.

See the inputenc package documentation for explanation.
Type  H <return>  for immediate help.
 ...                                              
                                                  
l.6 ...–∏—Ç–∏ –∫–æ—Ä–æ—Ç–∫–∏–π –≤–∏–∫–ª–∞–¥ —Å—É—Ç
                                                  –Ω–æ—Å—Ç—ñ —Ä–µ–∑—É–ª—å—Ç–...

You may provide a definition with
\DeclareUnicodeCharacter 


! Package inputenc Error: Unicode character –Ω (U+043D)
(inputenc)                not set up for use with LaTeX.

See the inputenc package documentation for explanation.
Type  H <return>  for immediate help.
 ...                                              
                                                  
l.6 ...—Ç–∏ –∫–æ—Ä–æ—Ç–∫–∏–π –≤–∏–∫–ª–∞–¥ —Å—É—Ç–Ω
                                                  –æ—Å—Ç—ñ —Ä–µ–∑—É–ª—å—Ç–∞—...

You may provide a definition with
\DeclareUnicodeCharacter 


! Package inputenc Error: Unicode character –æ (U+043E)
(inputenc)                not set up for use with LaTeX.

See the inputenc package documentation for explanation.
Type  H <return>  for immediate help.
 ...                                              
                                                  
l.6 ...–∏ –∫–æ—Ä–æ—Ç–∫–∏–π –≤–∏–∫–ª–∞–¥ —Å—É—Ç–Ω–æ
                                                  —Å—Ç—ñ —Ä–µ–∑—É–ª—å—Ç–∞—Ç—...

You may provide a definition with
\DeclareUnicodeCharacter 


! Package inputenc Error: Unicode character —Å (U+0441)
(inputenc)                not set up for use with LaTeX.

See the inputenc package documentation for explanation.
Type  H <return>  for immediate help.
 ...                                              
                                                  
l.6 ... –∫–æ—Ä–æ—Ç–∫–∏–π –≤–∏–∫–ª–∞–¥ —Å—É—Ç–Ω–æ—Å
                                                  —Ç—ñ —Ä–µ–∑—É–ª—å—Ç–∞—Ç—ñ–...

You may provide a definition with
\DeclareUnicodeCharacter 


! Package inputenc Error: Unicode character —Ç (U+0442)
(inputenc)                not set up for use with LaTeX.

See the inputenc package documentation for explanation.
Type  H <return>  for immediate help.
 ...                                              
                                                  
l.6 ...∫–æ—Ä–æ—Ç–∫–∏–π –≤–∏–∫–ª–∞–¥ —Å—É—Ç–Ω–æ—Å—Ç
                                                  —ñ —Ä–µ–∑—É–ª—å—Ç–∞—Ç—ñ–≤ ...

You may provide a definition with
\DeclareUnicodeCharacter 


! Package inputenc Error: Unicode character —ñ (U+0456)
(inputenc)                not set up for use with LaTeX.

See the inputenc package documentation for explanation.
Type  H <return>  for immediate help.
 ...                                              
                                                  
l.6 ...æ—Ä–æ—Ç–∫–∏–π –≤–∏–∫–ª–∞–¥ —Å—É—Ç–Ω–æ—Å—Ç—ñ
                                                   —Ä–µ–∑—É–ª—å—Ç–∞—Ç—ñ–≤ –î...

You may provide a definition with
\DeclareUnicodeCharacter 


! Package inputenc Error: Unicode character —Ä (U+0440)
(inputenc)                not set up for use with LaTeX.

See the inputenc package documentation for explanation.
Type  H <return>  for immediate help.
 ...                                              
                                                  
l.6 ...–æ—Ç–∫–∏–π –≤–∏–∫–ª–∞–¥ —Å—É—Ç–Ω–æ—Å—Ç—ñ —Ä
                                                  –µ–∑—É–ª—å—Ç–∞—Ç—ñ–≤ –î–† ...

You may provide a definition with
\DeclareUnicodeCharacter 


! Package inputenc Error: Unicode character –µ (U+0435)
(inputenc)                not set up for use with LaTeX.

See the inputenc package documentation for explanation.
Type  H <return>  for immediate help.
 ...                                              
                                                  
l.6 ...—Ç–∫–∏–π –≤–∏–∫–ª–∞–¥ —Å—É—Ç–Ω–æ—Å—Ç—ñ —Ä–µ
                                                  –∑—É–ª—å—Ç–∞—Ç—ñ–≤ –î–† —ñ...

You may provide a definition with
\DeclareUnicodeCharacter 


! Package inputenc Error: Unicode character –∑ (U+0437)
(inputenc)                not set up for use with LaTeX.

See the inputenc package documentation for explanation.
Type  H <return>  for immediate help.
 ...                                              
                                                  
l.6 ...–∫–∏–π –≤–∏–∫–ª–∞–¥ —Å—É—Ç–Ω–æ—Å—Ç—ñ —Ä–µ–∑
                                                  —É–ª—å—Ç–∞—Ç—ñ–≤ –î–† —ñ –...

You may provide a definition with
\DeclareUnicodeCharacter 


! Package inputenc Error: Unicode character —É (U+0443)
(inputenc)                not set up for use with LaTeX.

See the inputenc package documentation for explanation.
Type  H <return>  for immediate help.
 ...                                              
                                                  
l.6 ...–∏–π –≤–∏–∫–ª–∞–¥ —Å—É—Ç–Ω–æ—Å—Ç—ñ —Ä–µ–∑—É
                                                  –ª—å—Ç–∞—Ç—ñ–≤ –î–† —ñ –ö–...

You may provide a definition with
\DeclareUnicodeCharacter 


! Package inputenc Error: Unicode character –ª (U+043B)
(inputenc)                not set up for use with LaTeX.

See the inputenc package documentation for explanation.
Type  H <return>  for immediate help.
 ...                                              
                                                  
l.6 ...–π –≤–∏–∫–ª–∞–¥ —Å—É—Ç–Ω–æ—Å—Ç—ñ —Ä–µ–∑—É–ª
                                                  —å—Ç–∞—Ç—ñ–≤ –î–† —ñ –ö–†,...

You may provide a definition with
\DeclareUnicodeCharacter 


! Package inputenc Error: Unicode character —å (U+044C)
(inputenc)                not set up for use with LaTeX.

See the inputenc package documentation for explanation.
Type  H <return>  for immediate help.
 ...                                              
                                                  
l.6 ... –≤–∏–∫–ª–∞–¥ —Å—É—Ç–Ω–æ—Å—Ç—ñ —Ä–µ–∑—É–ª—å
                                                  —Ç–∞—Ç—ñ–≤ –î–† —ñ –ö–†, —...

You may provide a definition with
\DeclareUnicodeCharacter 


! Package inputenc Error: Unicode character —Ç (U+0442)
(inputenc)                not set up for use with LaTeX.

See the inputenc package documentation for explanation.
Type  H <return>  for immediate help.
 ...                                              
                                                  
l.6 ...≤–∏–∫–ª–∞–¥ —Å—É—Ç–Ω–æ—Å—Ç—ñ —Ä–µ–∑—É–ª—å—Ç
                                                  –∞—Ç—ñ–≤ –î–† —ñ –ö–†, —è–...

You may provide a definition with
\DeclareUnicodeCharacter 


! Package inputenc Error: Unicode character –∞ (U+0430)
(inputenc)                not set up for use with LaTeX.

See the inputenc package documentation for explanation.
Type  H <return>  for immediate help.
 ...                                              
                                                  
l.6 ...∏–∫–ª–∞–¥ —Å—É—Ç–Ω–æ—Å—Ç—ñ —Ä–µ–∑—É–ª—å—Ç–∞
                                                  —Ç—ñ–≤ –î–† —ñ –ö–†, —è–∫ ...

You may provide a definition with
\DeclareUnicodeCharacter 


! Package inputenc Error: Unicode character —Ç (U+0442)
(inputenc)                not set up for use with LaTeX.

See the inputenc package documentation for explanation.
Type  H <return>  for immediate help.
 ...                                              
                                                  
l.6 ...∫–ª–∞–¥ —Å—É—Ç–Ω–æ—Å—Ç—ñ —Ä–µ–∑—É–ª—å—Ç–∞—Ç
                                                  —ñ–≤ –î–† —ñ –ö–†, —è–∫ —Ç...

You may provide a definition with
\DeclareUnicodeCharacter 


! Package inputenc Error: Unicode character —ñ (U+0456)
(inputenc)                not set up for use with LaTeX.

See the inputenc package documentation for explanation.
Type  H <return>  for immediate help.
 ...                                              
                                                  
l.6 ...ª–∞–¥ —Å—É—Ç–Ω–æ—Å—Ç—ñ —Ä–µ–∑—É–ª—å—Ç–∞—Ç—ñ
                                                  –≤ –î–† —ñ –ö–†, —è–∫ —Ç–æ...

You may provide a definition with
\DeclareUnicodeCharacter 


! Package inputenc Error: Unicode character –≤ (U+0432)
(inputenc)                not set up for use with LaTeX.

See the inputenc package documentation for explanation.
Type  H <return>  for immediate help.
 ...                                              
                                                  
l.6 ...∞–¥ —Å—É—Ç–Ω–æ—Å—Ç—ñ —Ä–µ–∑—É–ª—å—Ç–∞—Ç—ñ–≤
                                                   –î–† —ñ –ö–†, —è–∫ —Ç–æ –...

You may provide a definition with
\DeclareUnicodeCharacter 


! Package inputenc Error: Unicode character –î (U+0414)
(inputenc)                not set up for use with LaTeX.

See the inputenc package documentation for explanation.
Type  H <return>  for immediate help.
 ...                                              
                                                  
l.6 ... —Å—É—Ç–Ω–æ—Å—Ç—ñ —Ä–µ–∑—É–ª—å—Ç–∞—Ç—ñ–≤ –î
                                                  –† —ñ –ö–†, —è–∫ —Ç–æ –Ω–æ...

You may provide a definition with
\DeclareUnicodeCharacter 


! Package inputenc Error: Unicode character –† (U+0420)
(inputenc)                not set up for use with LaTeX.

See the inputenc package documentation for explanation.
Type  H <return>  for immediate help.
 ...                                              
                                                  
l.6 ...Å—É—Ç–Ω–æ—Å—Ç—ñ —Ä–µ–∑—É–ª—å—Ç–∞—Ç—ñ–≤ –î–†
                                                   —ñ –ö–†, —è–∫ —Ç–æ –Ω–æ–≤...

You may provide a definition with
\DeclareUnicodeCharacter 


! Package inputenc Error: Unicode character —ñ (U+0456)
(inputenc)                not set up for use with LaTeX.

See the inputenc package documentation for explanation.
Type  H <return>  for immediate help.
 ...                                              
                                                  
l.6 ...—Ç–Ω–æ—Å—Ç—ñ —Ä–µ–∑—É–ª—å—Ç–∞—Ç—ñ–≤ –î–† —ñ
                                                   –ö–†, —è–∫ —Ç–æ –Ω–æ–≤—ñ ...

You may provide a definition with
\DeclareUnicodeCharacter 


! Package inputenc Error: Unicode character –ö (U+041A)
(inputenc)                not set up for use with LaTeX.

See the inputenc package documentation for explanation.
Type  H <return>  for immediate help.
 ...                                              
                                                  
l.6 ...Ω–æ—Å—Ç—ñ —Ä–µ–∑—É–ª—å—Ç–∞—Ç—ñ–≤ –î–† —ñ –ö
                                                  –†, —è–∫ —Ç–æ –Ω–æ–≤—ñ –Ω–...

You may provide a definition with
\DeclareUnicodeCharacter 


! Package inputenc Error: Unicode character –† (U+0420)
(inputenc)                not set up for use with LaTeX.

See the inputenc package documentation for explanation.
Type  H <return>  for immediate help.
 ...                                              
                                                  
l.6 ...æ—Å—Ç—ñ —Ä–µ–∑—É–ª—å—Ç–∞—Ç—ñ–≤ –î–† —ñ –ö–†
                                                  , —è–∫ —Ç–æ –Ω–æ–≤—ñ –Ω–∞—...

You may provide a definition with
\DeclareUnicodeCharacter 

Missing character: There is no , in font nullfont!

! Package inputenc Error: Unicode character —è (U+044F)
(inputenc)                not set up for use with LaTeX.

See the inputenc package documentation for explanation.
Type  H <return>  for immediate help.
 ...                                              
                                                  
l.6 ...Ç—ñ —Ä–µ–∑—É–ª—å—Ç–∞—Ç—ñ–≤ –î–† —ñ –ö–†, —è
                                                  –∫ —Ç–æ –Ω–æ–≤—ñ –Ω–∞—É–∫–...

You may provide a definition with
\DeclareUnicodeCharacter 


! Package inputenc Error: Unicode character –∫ (U+043A)
(inputenc)                not set up for use with LaTeX.

See the inputenc package documentation for explanation.
Type  H <return>  for immediate help.
 ...                                              
                                                  
l.6 ...ñ —Ä–µ–∑—É–ª—å—Ç–∞—Ç—ñ–≤ –î–† —ñ –ö–†, —è–∫
                                                   —Ç–æ –Ω–æ–≤—ñ –Ω–∞—É–∫–æ–...

You may provide a definition with
\DeclareUnicodeCharacter 


! Package inputenc Error: Unicode character —Ç (U+0442)
(inputenc)                not set up for use with LaTeX.

See the inputenc package documentation for explanation.
Type  H <return>  for immediate help.
 ...                                              
                                                  
l.6 ...Ä–µ–∑—É–ª—å—Ç–∞—Ç—ñ–≤ –î–† —ñ –ö–†, —è–∫ —Ç
                                                  –æ –Ω–æ–≤—ñ –Ω–∞—É–∫–æ–≤—ñ...

You may provide a definition with
\DeclareUnicodeCharacter 


! Package inputenc Error: Unicode character –æ (U+043E)
(inputenc)                not set up for use with LaTeX.

See the inputenc package documentation for explanation.
Type  H <return>  for immediate help.
 ...                                              
                                                  
l.6 ...µ–∑—É–ª—å—Ç–∞—Ç—ñ–≤ –î–† —ñ –ö–†, —è–∫ —Ç–æ
                                                   –Ω–æ–≤—ñ –Ω–∞—É–∫–æ–≤—ñ —...

You may provide a definition with
\DeclareUnicodeCharacter 


! Package inputenc Error: Unicode character –Ω (U+043D)
(inputenc)                not set up for use with LaTeX.

See the inputenc package documentation for explanation.
Type  H <return>  for immediate help.
 ...                                              
                                                  
l.6 ...—É–ª—å—Ç–∞—Ç—ñ–≤ –î–† —ñ –ö–†, —è–∫ —Ç–æ –Ω
                                                  –æ–≤—ñ –Ω–∞—É–∫–æ–≤—ñ —Ä–µ...

You may provide a definition with
\DeclareUnicodeCharacter 


! Package inputenc Error: Unicode character –æ (U+043E)
(inputenc)                not set up for use with LaTeX.

See the inputenc package documentation for explanation.
Type  H <return>  for immediate help.
 ...                                              
                                                  
l.6 ...–ª—å—Ç–∞—Ç—ñ–≤ –î–† —ñ –ö–†, —è–∫ —Ç–æ –Ω–æ
                                                  –≤—ñ –Ω–∞—É–∫–æ–≤—ñ —Ä–µ–∑...

You may provide a definition with
\DeclareUnicodeCharacter 


! Package inputenc Error: Unicode character –≤ (U+0432)
(inputenc)                not set up for use with LaTeX.

See the inputenc package documentation for explanation.
Type  H <return>  for immediate help.
 ...                                              
                                                  
l.6 ...—å—Ç–∞—Ç—ñ–≤ –î–† —ñ –ö–†, —è–∫ —Ç–æ –Ω–æ–≤
                                                  —ñ –Ω–∞—É–∫–æ–≤—ñ —Ä–µ–∑—É...

You may provide a definition with
\DeclareUnicodeCharacter 


! Package inputenc Error: Unicode character —ñ (U+0456)
(inputenc)                not set up for use with LaTeX.

See the inputenc package documentation for explanation.
Type  H <return>  for immediate help.
 ...                                              
                                                  
l.6 ...—Ç–∞—Ç—ñ–≤ –î–† —ñ –ö–†, —è–∫ —Ç–æ –Ω–æ–≤—ñ
                                                   –Ω–∞—É–∫–æ–≤—ñ —Ä–µ–∑—É–ª...

You may provide a definition with
\DeclareUnicodeCharacter 


! Package inputenc Error: Unicode character –Ω (U+043D)
(inputenc)                not set up for use with LaTeX.

See the inputenc package documentation for explanation.
Type  H <return>  for immediate help.
 ...                                              
                                                  
l.6 ...∞—Ç—ñ–≤ –î–† —ñ –ö–†, —è–∫ —Ç–æ –Ω–æ–≤—ñ –Ω
                                                  –∞—É–∫–æ–≤—ñ —Ä–µ–∑—É–ª—å—...

You may provide a definition with
\DeclareUnicodeCharacter 


! Package inputenc Error: Unicode character –∞ (U+0430)
(inputenc)                not set up for use with LaTeX.

See the inputenc package documentation for explanation.
Type  H <return>  for immediate help.
 ...                                              
                                                  
l.6 ...Ç—ñ–≤ –î–† —ñ –ö–†, —è–∫ —Ç–æ –Ω–æ–≤—ñ –Ω–∞
                                                  —É–∫–æ–≤—ñ —Ä–µ–∑—É–ª—å—Ç–...

You may provide a definition with
\DeclareUnicodeCharacter 


! Package inputenc Error: Unicode character —É (U+0443)
(inputenc)                not set up for use with LaTeX.

See the inputenc package documentation for explanation.
Type  H <return>  for immediate help.
 ...                                              
                                                  
l.6 ...ñ–≤ –î–† —ñ –ö–†, —è–∫ —Ç–æ –Ω–æ–≤—ñ –Ω–∞—É
                                                  –∫–æ–≤—ñ —Ä–µ–∑—É–ª—å—Ç–∞—...

You may provide a definition with
\DeclareUnicodeCharacter 


! Package inputenc Error: Unicode character –∫ (U+043A)
(inputenc)                not set up for use with LaTeX.

See the inputenc package documentation for explanation.
Type  H <return>  for immediate help.
 ...                                              
                                                  
l.6 ...≤ –î–† —ñ –ö–†, —è–∫ —Ç–æ –Ω–æ–≤—ñ –Ω–∞—É–∫
                                                  –æ–≤—ñ —Ä–µ–∑—É–ª—å—Ç–∞—Ç–...

You may provide a definition with
\DeclareUnicodeCharacter 


! Package inputenc Error: Unicode character –æ (U+043E)
(inputenc)                not set up for use with LaTeX.

See the inputenc package documentation for explanation.
Type  H <return>  for immediate help.
 ...                                              
                                                  
l.6 ...–î–† —ñ –ö–†, —è–∫ —Ç–æ –Ω–æ–≤—ñ –Ω–∞—É–∫–æ
                                                  –≤—ñ —Ä–µ–∑—É–ª—å—Ç–∞—Ç–∏,...

You may provide a definition with
\DeclareUnicodeCharacter 


! Package inputenc Error: Unicode character –≤ (U+0432)
(inputenc)                not set up for use with LaTeX.

See the inputenc package documentation for explanation.
Type  H <return>  for immediate help.
 ...                                              
                                                  
l.6 ...–† —ñ –ö–†, —è–∫ —Ç–æ –Ω–æ–≤—ñ –Ω–∞—É–∫–æ–≤
                                                  —ñ —Ä–µ–∑—É–ª—å—Ç–∞—Ç–∏, —...

You may provide a definition with
\DeclareUnicodeCharacter 


! Package inputenc Error: Unicode character —ñ (U+0456)
(inputenc)                not set up for use with LaTeX.

See the inputenc package documentation for explanation.
Type  H <return>  for immediate help.
 ...                                              
                                                  
l.6 ... —ñ –ö–†, —è–∫ —Ç–æ –Ω–æ–≤—ñ –Ω–∞—É–∫–æ–≤—ñ
                                                   —Ä–µ–∑—É–ª—å—Ç–∞—Ç–∏, —ñ–...

You may provide a definition with
\DeclareUnicodeCharacter 


! Package inputenc Error: Unicode character —Ä (U+0440)
(inputenc)                not set up for use with LaTeX.

See the inputenc package documentation for explanation.
Type  H <return>  for immediate help.
 ...                                              
                                                  
l.6 ... –ö–†, —è–∫ —Ç–æ –Ω–æ–≤—ñ –Ω–∞—É–∫–æ–≤—ñ —Ä
                                                  –µ–∑—É–ª—å—Ç–∞—Ç–∏, —ñ–Ω—à...

You may provide a definition with
\DeclareUnicodeCharacter 


! Package inputenc Error: Unicode character –µ (U+0435)
(inputenc)                not set up for use with LaTeX.

See the inputenc package documentation for explanation.
Type  H <return>  for immediate help.
 ...                                              
                                                  
l.6 ...ö–†, —è–∫ —Ç–æ –Ω–æ–≤—ñ –Ω–∞—É–∫–æ–≤—ñ —Ä–µ
                                                  –∑—É–ª—å—Ç–∞—Ç–∏, —ñ–Ω—à—ñ...

You may provide a definition with
\DeclareUnicodeCharacter 


! Package inputenc Error: Unicode character –∑ (U+0437)
(inputenc)                not set up for use with LaTeX.

See the inputenc package documentation for explanation.
Type  H <return>  for immediate help.
 ...                                              
                                                  
l.6 ...†, —è–∫ —Ç–æ –Ω–æ–≤—ñ –Ω–∞—É–∫–æ–≤—ñ —Ä–µ–∑
                                                  —É–ª—å—Ç–∞—Ç–∏, —ñ–Ω—à—ñ —...

You may provide a definition with
\DeclareUnicodeCharacter 


! Package inputenc Error: Unicode character —É (U+0443)
(inputenc)                not set up for use with LaTeX.

See the inputenc package documentation for explanation.
Type  H <return>  for immediate help.
 ...                                              
                                                  
l.6 ... —è–∫ —Ç–æ –Ω–æ–≤—ñ –Ω–∞—É–∫–æ–≤—ñ —Ä–µ–∑—É
                                                  –ª—å—Ç–∞—Ç–∏, —ñ–Ω—à—ñ —Ä–...

You may provide a definition with
\DeclareUnicodeCharacter 


! Package inputenc Error: Unicode character –ª (U+043B)
(inputenc)                not set up for use with LaTeX.

See the inputenc package documentation for explanation.
Type  H <return>  for immediate help.
 ...                                              
                                                  
l.6 ...è–∫ —Ç–æ –Ω–æ–≤—ñ –Ω–∞—É–∫–æ–≤—ñ —Ä–µ–∑—É–ª
                                                  —å—Ç–∞—Ç–∏, —ñ–Ω—à—ñ —Ä–µ–...

You may provide a definition with
\DeclareUnicodeCharacter 


! Package inputenc Error: Unicode character —å (U+044C)
(inputenc)                not set up for use with LaTeX.

See the inputenc package documentation for explanation.
Type  H <return>  for immediate help.
 ...                                              
                                                  
l.6 ...∫ —Ç–æ –Ω–æ–≤—ñ –Ω–∞—É–∫–æ–≤—ñ —Ä–µ–∑—É–ª—å
                                                  —Ç–∞—Ç–∏, —ñ–Ω—à—ñ —Ä–µ–∑—...

You may provide a definition with
\DeclareUnicodeCharacter 


! Package inputenc Error: Unicode character —Ç (U+0442)
(inputenc)                not set up for use with LaTeX.

See the inputenc package documentation for explanation.
Type  H <return>  for immediate help.
 ...                                              
                                                  
l.6 ...—Ç–æ –Ω–æ–≤—ñ –Ω–∞—É–∫–æ–≤—ñ —Ä–µ–∑—É–ª—å—Ç
                                                  –∞—Ç–∏, —ñ–Ω—à—ñ —Ä–µ–∑—É–...

You may provide a definition with
\DeclareUnicodeCharacter 


! Package inputenc Error: Unicode character –∞ (U+0430)
(inputenc)                not set up for use with LaTeX.

See the inputenc package documentation for explanation.
Type  H <return>  for immediate help.
 ...                                              
                                                  
l.6 ...–æ –Ω–æ–≤—ñ –Ω–∞—É–∫–æ–≤—ñ —Ä–µ–∑—É–ª—å—Ç–∞
                                                  —Ç–∏, —ñ–Ω—à—ñ —Ä–µ–∑—É–ª—...

You may provide a definition with
\DeclareUnicodeCharacter 


! Package inputenc Error: Unicode character —Ç (U+0442)
(inputenc)                not set up for use with LaTeX.

See the inputenc package documentation for explanation.
Type  H <return>  for immediate help.
 ...                                              
                                                  
l.6 ... –Ω–æ–≤—ñ –Ω–∞—É–∫–æ–≤—ñ —Ä–µ–∑—É–ª—å—Ç–∞—Ç
                                                  –∏, —ñ–Ω—à—ñ —Ä–µ–∑—É–ª—å—...

You may provide a definition with
\DeclareUnicodeCharacter 


! Package inputenc Error: Unicode character –∏ (U+0438)
(inputenc)                not set up for use with LaTeX.

See the inputenc package documentation for explanation.
Type  H <return>  for immediate help.
 ...                                              
                                                  
l.6 ...Ω–æ–≤—ñ –Ω–∞—É–∫–æ–≤—ñ —Ä–µ–∑—É–ª—å—Ç–∞—Ç–∏
                                                  , —ñ–Ω—à—ñ —Ä–µ–∑—É–ª—å—Ç–...

You may provide a definition with
\DeclareUnicodeCharacter 

Missing character: There is no , in font nullfont!

! Package inputenc Error: Unicode character —ñ (U+0456)
(inputenc)                not set up for use with LaTeX.

See the inputenc package documentation for explanation.
Type  H <return>  for immediate help.
 ...                                              
                                                  
l.6 ...≤—ñ –Ω–∞—É–∫–æ–≤—ñ —Ä–µ–∑—É–ª—å—Ç–∞—Ç–∏, —ñ
                                                  –Ω—à—ñ —Ä–µ–∑—É–ª—å—Ç–∞—Ç–...

You may provide a definition with
\DeclareUnicodeCharacter 


! Package inputenc Error: Unicode character –Ω (U+043D)
(inputenc)                not set up for use with LaTeX.

See the inputenc package documentation for explanation.
Type  H <return>  for immediate help.
 ...                                              
                                                  
l.6 ...ñ –Ω–∞—É–∫–æ–≤—ñ —Ä–µ–∑—É–ª—å—Ç–∞—Ç–∏, —ñ–Ω
                                                  —à—ñ —Ä–µ–∑—É–ª—å—Ç–∞—Ç–∏ ...

You may provide a definition with
\DeclareUnicodeCharacter 


! Package inputenc Error: Unicode character —à (U+0448)
(inputenc)                not set up for use with LaTeX.

See the inputenc package documentation for explanation.
Type  H <return>  for immediate help.
 ...                                              
                                                  
l.6 ...–Ω–∞—É–∫–æ–≤—ñ —Ä–µ–∑—É–ª—å—Ç–∞—Ç–∏, —ñ–Ω—à
                                                  —ñ —Ä–µ–∑—É–ª—å—Ç–∞—Ç–∏ (–...

You may provide a definition with
\DeclareUnicodeCharacter 


! Package inputenc Error: Unicode character —ñ (U+0456)
(inputenc)                not set up for use with LaTeX.

See the inputenc package documentation for explanation.
Type  H <return>  for immediate help.
 ...                                              
                                                  
l.6 ...–∞—É–∫–æ–≤—ñ —Ä–µ–∑—É–ª—å—Ç–∞—Ç–∏, —ñ–Ω—à—ñ
                                                   —Ä–µ–∑—É–ª—å—Ç–∞—Ç–∏ (–Ω–...

You may provide a definition with
\DeclareUnicodeCharacter 


! Package inputenc Error: Unicode character —Ä (U+0440)
(inputenc)                not set up for use with LaTeX.

See the inputenc package documentation for explanation.
Type  H <return>  for immediate help.
 ...                                              
                                                  
l.6 ...É–∫–æ–≤—ñ —Ä–µ–∑—É–ª—å—Ç–∞—Ç–∏, —ñ–Ω—à—ñ —Ä
                                                  –µ–∑—É–ª—å—Ç–∞—Ç–∏ (–Ω–∞–ø...
(That makes 100 errors; please try again.) 
Here is how much of TeX's memory you used:
 46 strings out of 478579
 751 string characters out of 5857457
 291841 words of memory out of 5000000
 18047 multiletter control sequences out of 15000+600000
 403430 words of font info for 27 fonts, out of 8000000 for 9000
 1141 hyphenation exceptions out of 8191
 13i,0n,12p,467b,23s stack positions out of 5000i,500n,10000p,200000b,80000s

!  ==> Fatal error occurred, no output PDF file produced!
